2020-04-25 14:30:33 [DEBUG](DispatcherServlet             ) [TxId :  , SpanId : ] [ET:,AN:,SN:,CN:,CI:] POST "/user/doLogin", parameters={}
2020-04-25 14:30:33 [DEBUG](RequestMappingHandlerMapping  ) [TxId :  , SpanId : ] [ET:,AN:,SN:,CN:,CI:] Mapped to com.example.graduationproject.web.controller.UserController#login(User)
2020-04-25 14:30:33 [INFO ](AuthInterceptor               ) [TxId :  , SpanId : ] [ET:,AN:,SN:,CN:,CI:] ***************************
2020-04-25 14:30:33 [INFO ](AuthInterceptor               ) [TxId :  , SpanId : ] [ET:,AN:,SN:,CN:,CI:] url : /user/doLogin
2020-04-25 14:30:33 [INFO ](AuthInterceptor               ) [TxId :  , SpanId : ] [ET:,AN:,SN:,CN:,CI:] ***************************
2020-04-25 14:30:33 [DEBUG](RequestResponseBodyMethodProcessor) [TxId :  , SpanId : ] [ET:,AN:,SN:,CN:,CI:] Read "application/json;charset=UTF-8" to [User(id=null, username=root, password=123456)]
2020-04-25 14:30:33 [DEBUG](SqlSessionUtils               ) [TxId :  , SpanId : ] [ET:,AN:,SN:,CN:,CI:] Creating a new SqlSession
2020-04-25 14:30:33 [DEBUG](SqlSessionUtils               ) [TxId :  , SpanId : ] [ET:,AN:,SN:,CN:,CI:] SqlSession [org.apache.ibatis.session.defaults.DefaultSqlSession@9780261] was not registered for synchronization because synchronization is not active
2020-04-25 14:30:33 [DEBUG](DataSourceUtils               ) [TxId :  , SpanId : ] [ET:,AN:,SN:,CN:,CI:] Fetching JDBC Connection from DataSource
2020-04-25 14:30:33 [DEBUG](SpringManagedTransaction      ) [TxId :  , SpanId : ] [ET:,AN:,SN:,CN:,CI:] JDBC Connection [com.alibaba.druid.proxy.jdbc.ConnectionProxyImpl@51258702] will not be managed by Spring
2020-04-25 14:30:33 [DEBUG](findUserByUsername            ) [TxId :  , SpanId : ] [ET:,AN:,SN:,CN:,CI:] ==>  Preparing: SELECT * FROM t_user WHERE username = ? 
2020-04-25 14:30:33 [DEBUG](findUserByUsername            ) [TxId :  , SpanId : ] [ET:,AN:,SN:,CN:,CI:] ==> Parameters: root(String)
2020-04-25 14:30:33 [DEBUG](findUserByUsername            ) [TxId :  , SpanId : ] [ET:,AN:,SN:,CN:,CI:] <==      Total: 1
2020-04-25 14:30:33 [DEBUG](SqlSessionUtils               ) [TxId :  , SpanId : ] [ET:,AN:,SN:,CN:,CI:] Closing non transactional SqlSession [org.apache.ibatis.session.defaults.DefaultSqlSession@9780261]
2020-04-25 14:30:33 [DEBUG](RequestResponseBodyMethodProcessor) [TxId :  , SpanId : ] [ET:,AN:,SN:,CN:,CI:] Using 'application/json', given [application/json, text/plain, */*] and supported [application/json, application/*+json, application/json, application/*+json]
2020-04-25 14:30:33 [DEBUG](RequestResponseBodyMethodProcessor) [TxId :  , SpanId : ] [ET:,AN:,SN:,CN:,CI:] Writing [ResultDto(code=20000, message=登陆成功！, data=eyJhbGciOiJIUzI1NiJ9.eyJzdWIiOiJyb290IiwiaWQiOiIxIiwiZXhwI (truncated)...]
2020-04-25 14:30:33 [DEBUG](DispatcherServlet             ) [TxId :  , SpanId : ] [ET:,AN:,SN:,CN:,CI:] Completed 200 OK
2020-04-25 14:30:33 [DEBUG](DispatcherServlet             ) [TxId :  , SpanId : ] [ET:,AN:,SN:,CN:,CI:] GET "/user/doInfo?token=eyJhbGciOiJIUzI1NiJ9.eyJzdWIiOiJyb290IiwiaWQiOiIxIiwiZXhwIjoxNTg3ODAzNDMzLCJpYXQiOjE1ODc3OTYyMzMsInVzZXJuYW1lIjoicm9vdCJ9.ATEXByGt4KbGcF9j3dPVq3JJqNZV3bMH2-KCn-XSH6I", parameters={masked}
2020-04-25 14:30:33 [DEBUG](RequestMappingHandlerMapping  ) [TxId :  , SpanId : ] [ET:,AN:,SN:,CN:,CI:] Mapped to com.example.graduationproject.web.controller.UserController#info(HttpServletRequest)
2020-04-25 14:30:33 [INFO ](AuthInterceptor               ) [TxId :  , SpanId : ] [ET:,AN:,SN:,CN:,CI:] ***************************
2020-04-25 14:30:33 [INFO ](AuthInterceptor               ) [TxId :  , SpanId : ] [ET:,AN:,SN:,CN:,CI:] url : /user/doInfo
2020-04-25 14:30:33 [INFO ](AuthInterceptor               ) [TxId :  , SpanId : ] [ET:,AN:,SN:,CN:,CI:] ***************************
2020-04-25 14:30:33 [DEBUG](RequestResponseBodyMethodProcessor) [TxId :  , SpanId : ] [ET:,AN:,SN:,CN:,CI:] Using 'application/json', given [application/json, text/plain, */*] and supported [application/json, application/*+json, application/json, application/*+json]
2020-04-25 14:30:33 [DEBUG](RequestResponseBodyMethodProcessor) [TxId :  , SpanId : ] [ET:,AN:,SN:,CN:,CI:] Writing [ResultDto(code=20000, message=, data=UserVo(username=root, id=1, token=null))]
2020-04-25 14:30:33 [DEBUG](DispatcherServlet             ) [TxId :  , SpanId : ] [ET:,AN:,SN:,CN:,CI:] Completed 200 OK
2020-04-25 14:30:33 [DEBUG](DispatcherServlet             ) [TxId :  , SpanId : ] [ET:,AN:,SN:,CN:,CI:] GET "/book/doFetchData?page=1&queryName=", parameters={masked}
2020-04-25 14:30:33 [DEBUG](RequestMappingHandlerMapping  ) [TxId :  , SpanId : ] [ET:,AN:,SN:,CN:,CI:] Mapped to com.example.graduationproject.web.controller.BookController#fetchData(String, String)
2020-04-25 14:30:33 [INFO ](AuthInterceptor               ) [TxId :  , SpanId : ] [ET:,AN:,SN:,CN:,CI:] ***************************
2020-04-25 14:30:33 [INFO ](AuthInterceptor               ) [TxId :  , SpanId : ] [ET:,AN:,SN:,CN:,CI:] url : /book/doFetchData
2020-04-25 14:30:33 [INFO ](AuthInterceptor               ) [TxId :  , SpanId : ] [ET:,AN:,SN:,CN:,CI:] ***************************
2020-04-25 14:30:34 [INFO ](BookServiceImpl               ) [TxId :  , SpanId : ] [ET:,AN:,SN:,CN:,CI:] ============================
2020-04-25 14:30:34 [INFO ](BookServiceImpl               ) [TxId :  , SpanId : ] [ET:,AN:,SN:,CN:,CI:] 获取书籍信息：
2020-04-25 14:30:34 [DEBUG](SqlSessionUtils               ) [TxId :  , SpanId : ] [ET:,AN:,SN:,CN:,CI:] Creating a new SqlSession
2020-04-25 14:30:34 [DEBUG](SqlSessionUtils               ) [TxId :  , SpanId : ] [ET:,AN:,SN:,CN:,CI:] SqlSession [org.apache.ibatis.session.defaults.DefaultSqlSession@2a76cffb] was not registered for synchronization because synchronization is not active
2020-04-25 14:30:34 [DEBUG](DataSourceUtils               ) [TxId :  , SpanId : ] [ET:,AN:,SN:,CN:,CI:] Fetching JDBC Connection from DataSource
2020-04-25 14:30:34 [DEBUG](SpringManagedTransaction      ) [TxId :  , SpanId : ] [ET:,AN:,SN:,CN:,CI:] JDBC Connection [com.alibaba.druid.proxy.jdbc.ConnectionProxyImpl@51258702] will not be managed by Spring
2020-04-25 14:30:34 [DEBUG](queryAll_COUNT                ) [TxId :  , SpanId : ] [ET:,AN:,SN:,CN:,CI:] ==>  Preparing: SELECT count(0) FROM t_book WHERE name LIKE CONCAT('%', ?, '%') 
2020-04-25 14:30:34 [DEBUG](queryAll_COUNT                ) [TxId :  , SpanId : ] [ET:,AN:,SN:,CN:,CI:] ==> Parameters: (String)
2020-04-25 14:30:34 [DEBUG](queryAll_COUNT                ) [TxId :  , SpanId : ] [ET:,AN:,SN:,CN:,CI:] <==      Total: 1
2020-04-25 14:30:34 [DEBUG](queryAll                      ) [TxId :  , SpanId : ] [ET:,AN:,SN:,CN:,CI:] ==>  Preparing: SELECT * FROM t_book WHERE name LIKE CONCAT('%',?,'%') LIMIT ? 
2020-04-25 14:30:34 [DEBUG](queryAll                      ) [TxId :  , SpanId : ] [ET:,AN:,SN:,CN:,CI:] ==> Parameters: (String), 10(Integer)
2020-04-25 14:30:34 [DEBUG](queryAll                      ) [TxId :  , SpanId : ] [ET:,AN:,SN:,CN:,CI:] <==      Total: 10
2020-04-25 14:30:34 [DEBUG](SqlSessionUtils               ) [TxId :  , SpanId : ] [ET:,AN:,SN:,CN:,CI:] Closing non transactional SqlSession [org.apache.ibatis.session.defaults.DefaultSqlSession@2a76cffb]
2020-04-25 14:30:34 [DEBUG](RedisConnectionUtils          ) [TxId :  , SpanId : ] [ET:,AN:,SN:,CN:,CI:] Opening RedisConnection
2020-04-25 14:30:34 [DEBUG](RedisConnectionUtils          ) [TxId :  , SpanId : ] [ET:,AN:,SN:,CN:,CI:] Closing Redis Connection.
2020-04-25 14:30:34 [DEBUG](RedisConnectionUtils          ) [TxId :  , SpanId : ] [ET:,AN:,SN:,CN:,CI:] Opening RedisConnection
2020-04-25 14:30:34 [DEBUG](RedisConnectionUtils          ) [TxId :  , SpanId : ] [ET:,AN:,SN:,CN:,CI:] Closing Redis Connection.
2020-04-25 14:30:34 [DEBUG](RedisConnectionUtils          ) [TxId :  , SpanId : ] [ET:,AN:,SN:,CN:,CI:] Opening RedisConnection
2020-04-25 14:30:34 [DEBUG](RedisConnectionUtils          ) [TxId :  , SpanId : ] [ET:,AN:,SN:,CN:,CI:] Closing Redis Connection.
2020-04-25 14:30:34 [DEBUG](RedisConnectionUtils          ) [TxId :  , SpanId : ] [ET:,AN:,SN:,CN:,CI:] Opening RedisConnection
2020-04-25 14:30:34 [DEBUG](RedisConnectionUtils          ) [TxId :  , SpanId : ] [ET:,AN:,SN:,CN:,CI:] Closing Redis Connection.
2020-04-25 14:30:34 [DEBUG](RedisConnectionUtils          ) [TxId :  , SpanId : ] [ET:,AN:,SN:,CN:,CI:] Opening RedisConnection
2020-04-25 14:30:34 [DEBUG](RedisConnectionUtils          ) [TxId :  , SpanId : ] [ET:,AN:,SN:,CN:,CI:] Closing Redis Connection.
2020-04-25 14:30:34 [DEBUG](RedisConnectionUtils          ) [TxId :  , SpanId : ] [ET:,AN:,SN:,CN:,CI:] Opening RedisConnection
2020-04-25 14:30:34 [DEBUG](RedisConnectionUtils          ) [TxId :  , SpanId : ] [ET:,AN:,SN:,CN:,CI:] Closing Redis Connection.
2020-04-25 14:30:34 [DEBUG](RedisConnectionUtils          ) [TxId :  , SpanId : ] [ET:,AN:,SN:,CN:,CI:] Opening RedisConnection
2020-04-25 14:30:34 [DEBUG](RedisConnectionUtils          ) [TxId :  , SpanId : ] [ET:,AN:,SN:,CN:,CI:] Closing Redis Connection.
2020-04-25 14:30:34 [DEBUG](RedisConnectionUtils          ) [TxId :  , SpanId : ] [ET:,AN:,SN:,CN:,CI:] Opening RedisConnection
2020-04-25 14:30:34 [DEBUG](RedisConnectionUtils          ) [TxId :  , SpanId : ] [ET:,AN:,SN:,CN:,CI:] Closing Redis Connection.
2020-04-25 14:30:34 [DEBUG](RedisConnectionUtils          ) [TxId :  , SpanId : ] [ET:,AN:,SN:,CN:,CI:] Opening RedisConnection
2020-04-25 14:30:34 [DEBUG](RedisConnectionUtils          ) [TxId :  , SpanId : ] [ET:,AN:,SN:,CN:,CI:] Closing Redis Connection.
2020-04-25 14:30:34 [DEBUG](RedisConnectionUtils          ) [TxId :  , SpanId : ] [ET:,AN:,SN:,CN:,CI:] Opening RedisConnection
2020-04-25 14:30:34 [DEBUG](RedisConnectionUtils          ) [TxId :  , SpanId : ] [ET:,AN:,SN:,CN:,CI:] Closing Redis Connection.
2020-04-25 14:30:34 [DEBUG](SqlSessionUtils               ) [TxId :  , SpanId : ] [ET:,AN:,SN:,CN:,CI:] Creating a new SqlSession
2020-04-25 14:30:34 [DEBUG](SqlSessionUtils               ) [TxId :  , SpanId : ] [ET:,AN:,SN:,CN:,CI:] SqlSession [org.apache.ibatis.session.defaults.DefaultSqlSession@39894ea2] was not registered for synchronization because synchronization is not active
2020-04-25 14:30:34 [DEBUG](DataSourceUtils               ) [TxId :  , SpanId : ] [ET:,AN:,SN:,CN:,CI:] Fetching JDBC Connection from DataSource
2020-04-25 14:30:34 [DEBUG](SpringManagedTransaction      ) [TxId :  , SpanId : ] [ET:,AN:,SN:,CN:,CI:] JDBC Connection [com.alibaba.druid.proxy.jdbc.ConnectionProxyImpl@51258702] will not be managed by Spring
2020-04-25 14:30:34 [DEBUG](selectByIdList                ) [TxId :  , SpanId : ] [ET:,AN:,SN:,CN:,CI:] ==>  Preparing: SELECT * FROM t_book WHERE id IN ( ? , ? ) 
2020-04-25 14:30:34 [DEBUG](selectByIdList                ) [TxId :  , SpanId : ] [ET:,AN:,SN:,CN:,CI:] ==> Parameters: 1253601531308052480(String), 1253601531106725888(String)
2020-04-25 14:30:34 [DEBUG](selectByIdList                ) [TxId :  , SpanId : ] [ET:,AN:,SN:,CN:,CI:] <==      Total: 2
2020-04-25 14:30:34 [DEBUG](SqlSessionUtils               ) [TxId :  , SpanId : ] [ET:,AN:,SN:,CN:,CI:] Closing non transactional SqlSession [org.apache.ibatis.session.defaults.DefaultSqlSession@39894ea2]
2020-04-25 14:30:34 [INFO ](BookServiceImpl               ) [TxId :  , SpanId : ] [ET:,AN:,SN:,CN:,CI:] 榜单：
[Book(id=1253601531106725888, name=Arduino可穿戴设备开发 (数字匠人), author=托尼·奥尔森(Tony Olsson)、 , price=0.00, src=https://images-cn.ssl-images-amazon.com/images/I/81lZatX9CyL._AC_UY218_ML3_.jpg, remark=null), Book(id=1253601531308052480, name=Web攻防之业务安全实战指南, author=陈晓光, 胡兵、 等, price=34.99, src=https://images-cn.ssl-images-amazon.com/images/I/81NifRA7DAL._AC_UY218_ML3_.jpg, remark=null)]
2020-04-25 14:30:34 [INFO ](BookServiceImpl               ) [TxId :  , SpanId : ] [ET:,AN:,SN:,CN:,CI:] ============================
2020-04-25 14:30:34 [DEBUG](RequestResponseBodyMethodProcessor) [TxId :  , SpanId : ] [ET:,AN:,SN:,CN:,CI:] Using 'application/json', given [application/json, text/plain, */*] and supported [application/json, application/*+json, application/json, application/*+json]
2020-04-25 14:30:34 [DEBUG](RequestResponseBodyMethodProcessor) [TxId :  , SpanId : ] [ET:,AN:,SN:,CN:,CI:] Writing [ResultDto(code=20000, message=查询成功！, data=RecommendVo(books=[BookVo(id=1253599319089500160, name=Jav (truncated)...]
2020-04-25 14:30:34 [DEBUG](DispatcherServlet             ) [TxId :  , SpanId : ] [ET:,AN:,SN:,CN:,CI:] Completed 200 OK
